<?xml version="1.0" encoding="UTF-8"?>
<!-- Generated by org.testng.reporters.JUnitReportReporter -->
<testsuite hostname="Aceraspire7" failures="0" tests="2" name="IndexPageTest" time="173.961" errors="0" timestamp="2025-06-16T16:49:08 IST" skipped="0">
  <testcase classname="IndexPageTest" name="verifyLogo" time="171.841"/>
  <testcase classname="IndexPageTest" name="verifyTitle" time="2.120"/>
</testsuite> <!-- IndexPageTest -->
