<?xml version="1.0" encoding="UTF-8"?>
<!-- Generated by org.testng.reporters.JUnitReportReporter -->
<testsuite hostname="Aceraspire7" failures="0" tests="1" name="com.opencart.testcases.SearchResultPageTest" time="7.311" errors="0" timestamp="2025-06-25T22:11:52 IST" skipped="0">
  <testcase classname="com.opencart.testcases.SearchResultPageTest" name="productAvailabiltyTest" time="7.311"/>
</testsuite> <!-- com.opencart.testcases.SearchResultPageTest -->
