<?xml version="1.0" encoding="UTF-8"?>
<!-- Generated by org.testng.reporters.JUnitReportReporter -->
<testsuite hostname="Aceraspire7" failures="0" tests="2" name="com.opencart.testcases.HomePageTest" time="7.228" errors="0" timestamp="2025-06-22T14:04:45 IST" skipped="0">
  <testcase classname="com.opencart.testcases.HomePageTest" name="orderHistoryandDetailsTest" time="3.969"/>
  <testcase classname="com.opencart.testcases.HomePageTest" name="wishListTest" time="3.259"/>
</testsuite> <!-- com.opencart.testcases.HomePageTest -->
