<?xml version="1.0" encoding="UTF-8"?>
<!-- Generated by org.testng.reporters.JUnitReportReporter -->
<testsuite hostname="Aceraspire7" failures="0" tests="2" name="com.opencart.testcases.IndexPageTest" time="3.741" errors="0" timestamp="2025-06-22T23:03:26 IST" skipped="0">
  <testcase classname="com.opencart.testcases.IndexPageTest" name="verifyLogo" time="2.202"/>
  <testcase classname="com.opencart.testcases.IndexPageTest" name="verifyTitle" time="1.539"/>
</testsuite> <!-- com.opencart.testcases.IndexPageTest -->
