<?xml version="1.0" encoding="UTF-8"?>
<!-- Generated by org.testng.reporters.JUnitReportReporter -->
<testsuite hostname="Aceraspire7" failures="0" tests="1" name="com.opencart.testcases.AddToCartPageTest" time="4.618" errors="0" timestamp="2025-06-26T22:55:59 IST" skipped="0">
  <testcase classname="com.opencart.testcases.AddToCartPageTest" name="addToCartTest" time="4.618"/>
</testsuite> <!-- com.opencart.testcases.AddToCartPageTest -->
