<?xml version="1.0" encoding="UTF-8"?>
<!-- Generated by org.testng.reporters.JUnitReportReporter -->
<testsuite hostname="Aceraspire7" failures="0" tests="1" name="com.opencart.testcases.EndToEndTest" time="43.595" errors="0" timestamp="2025-06-27T04:29:48 IST" skipped="0">
  <testcase classname="com.opencart.testcases.EndToEndTest" name="endToEndTest" time="43.595"/>
</testsuite> <!-- com.opencart.testcases.EndToEndTest -->
