<?xml version="1.0" encoding="UTF-8"?>
<!-- Generated by org.testng.reporters.JUnitReportReporter -->
<testsuite hostname="Aceraspire7" failures="0" tests="1" name="com.opencart.testcases.OrderPageTest" time="14.141" errors="0" timestamp="2025-06-27T01:28:01 IST" skipped="0">
  <testcase classname="com.opencart.testcases.OrderPageTest" name="verifyTotalPrice" time="14.141"/>
</testsuite> <!-- com.opencart.testcases.OrderPageTest -->
