<?xml version="1.0" encoding="UTF-8"?>
<!-- Generated by org.testng.reporters.JUnitReportReporter -->
<testsuite hostname="Aceraspire7" failures="0" tests="1" name="com.opencart.testcases.AccountRegisterPageTest" time="12.540" errors="0" timestamp="2025-06-25T16:10:21 IST" skipped="0">
  <testcase classname="com.opencart.testcases.AccountRegisterPageTest" name="verifyAccountRegisterPageTest" time="12.540"/>
</testsuite> <!-- com.opencart.testcases.AccountRegisterPageTest -->
