<?xml version="1.0" encoding="UTF-8"?>
<!-- Generated by org.testng.reporters.JUnitReportReporter -->
<testsuite hostname="Aceraspire7" failures="0" tests="1" name="com.opencart.testcases.LoginPageTest" time="12.714" errors="0" timestamp="2025-06-22T13:48:35 IST" skipped="0">
  <testcase classname="com.opencart.testcases.LoginPageTest" name="loginTest" time="12.714">
    <system-out>
      <![CDATA[Actual URL: http://localhost:8080/opencart/upload/index.php?route=account/account&language=en-gb&customer_token=0bc9507723dbadcd4c0dfe922e
Expected URL: http://localhost:8080/opencart/upload/index.php?route=account/account&language=en-gb&customer_token=2424eeb7a49091d23c714dc0a3]]>
    </system-out>
  </testcase> <!-- loginTest -->
  <system-out>
    <![CDATA[Actual URL: http://localhost:8080/opencart/upload/index.php?route=account/account&language=en-gb&customer_token=0bc9507723dbadcd4c0dfe922e
Expected URL: http://localhost:8080/opencart/upload/index.php?route=account/account&language=en-gb&customer_token=2424eeb7a49091d23c714dc0a3]]>
  </system-out>
</testsuite> <!-- com.opencart.testcases.LoginPageTest -->
