<?xml version="1.0" encoding="UTF-8"?>
<!-- Generated by org.testng.reporters.JUnitReportReporter -->
<testsuite hostname="Aceraspire7" failures="0" tests="2" name="com.opencart.testcases.HomePageTest" time="12.113" errors="0" timestamp="2025-08-11T22:25:08 IST" skipped="0">
  <testcase classname="com.opencart.testcases.HomePageTest" name="orderHistoryandDetailsTest" time="6.288"/>
  <testcase classname="com.opencart.testcases.HomePageTest" name="wishListTest" time="5.825"/>
  <system-out>
    <![CDATA[Actual URL: http://localhost:8080/opencart/upload/index.php?route=account/login&language=en-gb
Expected URL: http://localhost:8080/opencart/upload/index.php?route=account/account&language=en-gb&customer_token=2424eeb7a49091d23c714dc0a3
Actual URL: http://localhost:8080/opencart/upload/index.php?route=account/login&language=en-gb
Expected URL: http://localhost:8080/opencart/upload/index.php?route=account/account&language=en-gb&customer_token=2424eeb7a49091d23c714dc0a3]]>
  </system-out>
</testsuite> <!-- com.opencart.testcases.HomePageTest -->
